<?xml version='1.0' encoding='UTF-8'?>
<testsuite hostname="bel-Satellite-P850" name="search.BasicScoreCalculatorTest" tests="10" errors="0" failures="0" time="0.216">
                     <properties>
[...]
</properties>
                     <testcase classname="search.BasicScoreCalculatorTest" name="should return the text length of a node with a text of length 14 and with a child that has text" time="0.209">
                                                 
                                               </testcase><testcase classname="search.BasicScoreCalculatorTest" name="should return the text length of a node without a text but with a child that has text" time="0.001">
                                                 
                                               </testcase><testcase classname="search.BasicScoreCalculatorTest" name="should calc the score of a node with text length 4 when it has not a child" time="0.001">
                                                 
                                               </testcase><testcase classname="search.BasicScoreCalculatorTest" name="should calc the score of a node with text length 4 when it has one child with text length 2" time="0.001">
                                                 
                                               </testcase><testcase classname="search.BasicScoreCalculatorTest" name="should calc the score of a node with text length 4 when it has 2 childfirst child text length is 2 and second child text length is 1" time="0.001">
                                                 
                                               </testcase><testcase classname="search.BasicScoreCalculatorTest" name="should calc the score of a node with text length 4 when it has a child with text length 1 and that has another child with text length 2" time="0.001">
                                                 
                                               </testcase><testcase classname="search.BasicScoreCalculatorTest" name="should calc the score of a node child when it has not a child" time="0.001">
                                                 
                                               </testcase><testcase classname="search.BasicScoreCalculatorTest" name="should calc the score of a node child when it has one child with a text length of 2 and without a child" time="0.001">
                                                 
                                               </testcase><testcase classname="search.BasicScoreCalculatorTest" name="should calc the score of a node child when it has one child with a text length of 2 and that child has another child with a text length of 2" time="0.0">
                                                 
                                               </testcase><testcase classname="search.BasicScoreCalculatorTest" name="should calc the score of a node child when it has two child first with length 1 and second with length 1" time="0.0">
                                                 
                                               </testcase>
                     <system-out></system-out>
                     <system-err></system-err>
                   </testsuite>